<?xml version="1.0" encoding="UTF-8"?>
<testsuite name="com.UserRegistrationTest" tests="1" skipped="0" failures="0" errors="0" timestamp="2020-10-22T08:30:17" hostname="SANDEEP" time="0.013">
  <properties/>
  <testcase name="givenMobileNum_WhenLessDigits_ShouldReturnFalse" classname="com.UserRegistrationTest" time="0.013"/>
  <system-out><![CDATA[]]></system-out>
  <system-err><![CDATA[]]></system-err>
</testsuite>
