<?xml version="1.0" encoding="UTF-8"?>
<testsuite name="com.UserRegistrationTest" tests="1" skipped="0" failures="0" errors="0" timestamp="2020-10-22T07:57:45" hostname="SANDEEP" time="0.01">
  <properties/>
  <testcase name="givenLastName_WhenFirstLatterUpperCase_ShouldReturnTrue" classname="com.UserRegistrationTest" time="0.01"/>
  <system-out><![CDATA[]]></system-out>
  <system-err><![CDATA[]]></system-err>
</testsuite>
