<?xml version="1.0" encoding="UTF-8"?>
<testsuite name="com.UserRegistrationTest" tests="1" skipped="0" failures="0" errors="0" timestamp="2020-10-22T07:37:46" hostname="SANDEEP" time="0.004">
  <properties/>
  <testcase name="givenFirstName_WhenHasSpecialChar_ShouldReturnFalse" classname="com.UserRegistrationTest" time="0.004"/>
  <system-out><![CDATA[]]></system-out>
  <system-err><![CDATA[]]></system-err>
</testsuite>
